<?xml version="1.0" encoding="UTF-8"?>
<!-- Generated by org.testng.reporters.JUnitReportReporter -->
<testsuite skipped="0" hostname="LAPTOP-I2DQ2R0M" name="MyAccount.com.Test.Spellchecker" tests="1" failures="0" timestamp="30 Mar 2020 07:47:38 GMT" time="10.153" errors="0">
  <testcase name="main" time="10.153" classname="MyAccount.com.Test.Spellchecker"/>
</testsuite> <!-- MyAccount.com.Test.Spellchecker -->
